2025-10-06 14:40:56,605 [INFO] WebApp: 客户端已连接
2025-10-06 14:40:56,744 [INFO] WebApp: 客户端已连接
2025-10-06 14:50:19,204 [INFO] WebApp: 客户端已断开连接
2025-10-06 14:50:19,402 [INFO] WebApp: 客户端已连接
2025-10-06 14:50:33,227 [INFO] WebApp: 开始关键词搜索: ['播客'], 文献类型: 学位论文, 结果数量: 500
2025-10-06 14:50:33,232 [INFO] KeywordScraper: 开始搜索 1 个关键词，文献类型: 学位论文
2025-10-06 14:50:33,233 [INFO] KeywordScraper: 搜索进度: 1/1 - 播客 (学位论文)
2025-10-06 14:50:33,233 [INFO] WebDriverManager: 使用系统ChromeDriver: /opt/homebrew/bin/chromedriver
2025-10-06 14:50:34,892 [INFO] WebDriverManager: Chrome WebDriver创建成功
2025-10-06 14:50:34,892 [INFO] KeywordScraper: 开始搜索关键词: 播客，文献类型: 学位论文，目标数量: 500
2025-10-06 14:50:34,892 [INFO] KeywordScraper: 搜索URL: https://kns.cnki.net/kns8s/defaultresult/index?classid=LSTPFY1C&korder=SU&kw=播客
2025-10-06 14:51:54,880 [DEBUG] KeywordScraper: 已设置每页显示50条结果
2025-10-06 14:51:54,880 [DEBUG] KeywordScraper: 正在处理第 1 页
2025-10-06 14:51:57,410 [DEBUG] KeywordScraper: 正在处理第 2 页
2025-10-06 14:51:59,493 [DEBUG] KeywordScraper: 正在处理第 3 页
2025-10-06 14:52:02,026 [DEBUG] KeywordScraper: 正在处理第 4 页
2025-10-06 14:52:03,878 [DEBUG] KeywordScraper: 正在处理第 5 页
2025-10-06 14:52:05,739 [DEBUG] KeywordScraper: 正在处理第 6 页
2025-10-06 14:52:08,165 [DEBUG] KeywordScraper: 正在处理第 7 页
2025-10-06 14:52:10,401 [DEBUG] KeywordScraper: 正在处理第 8 页
2025-10-06 14:52:12,425 [DEBUG] KeywordScraper: 正在处理第 9 页
2025-10-06 14:52:15,005 [DEBUG] KeywordScraper: 正在处理第 10 页
2025-10-06 14:52:15,580 [INFO] KeywordScraper: 共收集到 500 个搜索结果
2025-10-06 14:52:15,580 [DEBUG] FileManager: 目录确认存在: /Volumes/PS2000/mac develop/yuqing_update/links
2025-10-06 14:52:15,584 [INFO] KeywordScraper: 搜索结果已保存到: /Volumes/PS2000/mac develop/yuqing_update/links/播客.txt
2025-10-06 14:52:18,036 [INFO] KeywordScraper: 关键词 '播客' 搜索完成，共收集 500 个链接，保存到数据库 500 条
2025-10-06 14:52:18,121 [DEBUG] KeywordScraper: WebDriver已关闭
2025-10-06 14:52:18,126 [INFO] KeywordScraper: 关键词搜索完成，成功: 1/1
2025-10-06 14:52:18,127 [DEBUG] FileManager: 目录确认存在: /Volumes/PS2000/mac develop/yuqing_update/exports
2025-10-06 14:52:18,136 [INFO] FileManager: JSON 导出完成: /Volumes/PS2000/mac develop/yuqing_update/exports/keyword_学位论文_20251006_145218.json
2025-10-06 14:52:18,136 [DEBUG] FileManager: 目录确认存在: /Volumes/PS2000/mac develop/yuqing_update/exports
2025-10-06 14:52:18,142 [INFO] FileManager: CSV 导出完成: /Volumes/PS2000/mac develop/yuqing_update/exports/keyword_学位论文_20251006_145218.csv
2025-10-06 14:52:18,142 [INFO] WebApp: 关键词搜索完成，共搜索 1 个关键词，导出文件：keyword_学位论文_20251006_145218.json / keyword_学位论文_20251006_145218.csv
2025-10-06 14:54:53,360 [INFO] WebApp: 客户端已断开连接
2025-10-06 14:55:01,234 [INFO] TaskManager: 收到信号 2，开始优雅关闭...
2025-10-06 14:55:01,234 [INFO] TaskManager: 收到信号 2，开始优雅关闭...
